Building DAG of jobs...
Provided cluster nodes: 30
Job counts:
	count	jobs
	1	all
	1	get_primed_region
	1	kmer_count
	1	num_reads
	384	predict_dg
	1	pt_counts
	389

rule kmer_count:
    input: /hpc/hub_oudenaarden/aalemany/emma-adi/mouse/SvdB11d2-MitoTrackerThird-Satellites-Adult.coutt.csv, /hpc/hub_oudenaarden/edann/hexamers/rnaseq/mouse/mm10_RefSeq_genes_clean_ERCC92_polyA_10_masked_eGFP_Mito.fa
    output: /hpc/hub_oudenaarden/edann/hexamers/rnaseq/mouse/test_snakemake/SvdB11d2-MitoTrackerThird-Satellites-Adult.cellAbundance.noN.csv
    jobid: 386
    wildcards: dir=/hpc/hub_oudenaarden/edann/hexamers/rnaseq/mouse/test_snakemake, sample=SvdB11d2-MitoTrackerThird-Satellites-Adult
    threads: 8

Submitted job 386 with external jobid 'Your job 3119648 ("snakejob.kmer_count.386.sh") has been submitted'.

rule get_primed_region:
    input: /hpc/hub_oudenaarden/aalemany/emma-adi/mouse/SvdB11d2-MitoTrackerThird-Satellites-Adult.sam.gz, /hpc/hub_oudenaarden/edann/hexamers/rnaseq/mouse/mm10_RefSeq_genes_clean_ERCC92_polyA_10_masked_eGFP_Mito.fa
    output: /hpc/hub_oudenaarden/edann/hexamers/rnaseq/mouse/test_snakemake/SvdB11d2-MitoTrackerThird-Satellites-Adult.primedreg.fa
    jobid: 388
    wildcards: dir=/hpc/hub_oudenaarden/edann/hexamers/rnaseq/mouse/test_snakemake, sample=SvdB11d2-MitoTrackerThird-Satellites-Adult

Submitted job 388 with external jobid 'Your job 3119649 ("snakejob.get_primed_region.388.sh") has been submitted'.

rule num_reads:
    input: /hpc/hub_oudenaarden/aalemany/emma-adi/mouse/SvdB11d2-MitoTrackerThird-Satellites-Adult.sam.gz
    output: /hpc/hub_oudenaarden/edann/hexamers/rnaseq/mouse/test_snakemake/SvdB11d2-MitoTrackerThird-Satellites-Adult.numReads.txt
    jobid: 55
    wildcards: dir=/hpc/hub_oudenaarden/edann/hexamers/rnaseq/mouse/test_snakemake, sample=SvdB11d2-MitoTrackerThird-Satellites-Adult

Submitted job 55 with external jobid 'Your job 3119650 ("snakejob.num_reads.55.sh") has been submitted'.
Error in rule kmer_count:
    jobid: 386
    output: /hpc/hub_oudenaarden/edann/hexamers/rnaseq/mouse/test_snakemake/SvdB11d2-MitoTrackerThird-Satellites-Adult.cellAbundance.noN.csv
    cluster_jobid: Your job 3119648 ("snakejob.kmer_count.386.sh") has been submitted

Will exit after finishing currently running jobs.
Error in rule get_primed_region:
    jobid: 388
    output: /hpc/hub_oudenaarden/edann/hexamers/rnaseq/mouse/test_snakemake/SvdB11d2-MitoTrackerThird-Satellites-Adult.primedreg.fa
    cluster_jobid: Your job 3119649 ("snakejob.get_primed_region.388.sh") has been submitted

Will exit after finishing currently running jobs.
Error in rule num_reads:
    jobid: 55
    output: /hpc/hub_oudenaarden/edann/hexamers/rnaseq/mouse/test_snakemake/SvdB11d2-MitoTrackerThird-Satellites-Adult.numReads.txt
    cluster_jobid: Your job 3119650 ("snakejob.num_reads.55.sh") has been submitted

Will exit after finishing currently running jobs.
Exiting because a job execution failed. Look above for error message
Complete log: .snakemake/log/2018-02-26T094231.807217.snakemake.log
