Building DAG of jobs...
Provided cores: 2
Rules claiming more threads will be scaled down.
Job counts:
	count	jobs
	1	get_primed_region
	1

rule get_primed_region:
    input: /hpc/hub_oudenaarden/aalemany/emma-adi/mouse/SvdB11d2-MitoTrackerThird-Satellites-Adult.sam.gz, /hpc/hub_oudenaarden/edann/hexamers/rnaseq/mouse/mm10_RefSeq_genes_clean_ERCC92_polyA_10_masked_eGFP_Mito.fa
    output: /hpc/hub_oudenaarden/edann/hexamers/rnaseq/mouse/test_snakemake/SvdB11d2-MitoTrackerThird-Satellites-Adult.primedreg.fa
    jobid: 0
    wildcards: dir=/hpc/hub_oudenaarden/edann/hexamers/rnaseq/mouse/test_snakemake, sample=SvdB11d2-MitoTrackerThird-Satellites-Adult

Error in rule get_primed_region:
    jobid: 0
    output: /hpc/hub_oudenaarden/edann/hexamers/rnaseq/mouse/test_snakemake/SvdB11d2-MitoTrackerThird-Satellites-Adult.primedreg.fa

RuleException:
AttributeError in line 27 of /hpc/hub_oudenaarden/edann/bin/coverage_bias/Snakefile:
'Params' object has no attribute 't'
  File "/hpc/hub_oudenaarden/edann/bin/coverage_bias/Snakefile", line 27, in __rule_get_primed_region
  File "/hpc/local/CentOS7/common/lang/python/3.6.1/lib/python3.6/string.py", line 186, in format
  File "/hpc/local/CentOS7/common/lang/python/3.6.1/lib/python3.6/string.py", line 190, in vformat
  File "/hpc/local/CentOS7/common/lang/python/3.6.1/lib/python3.6/string.py", line 230, in _vformat
  File "/hpc/local/CentOS7/common/lang/python/3.6.1/lib/python3.6/string.py", line 301, in get_field
  File "/hpc/local/CentOS7/common/lang/python/3.6.1/lib/python3.6/concurrent/futures/thread.py", line 55, in run
Will exit after finishing currently running jobs.
Exiting because a job execution failed. Look above for error message
Complete log: .snakemake/log/2018-02-26T092910.113848.snakemake.log
