Building DAG of jobs...
MissingInputException in line 8 of /hpc/hub_oudenaarden/edann/bin/coverage_bias/Snakefile:
Missing input files for rule all:
/hpc/hub_oudenaarden/edann/hexamers/rnaseq/mouse/testing2/predictedDg/SvdB11d2-MitoTrackerThird-Satellites-Adult_cell69_ptDg_qual.csv
/hpc/hub_oudenaarden/edann/hexamers/rnaseq/mouse/testing2/predictedDg/SvdB11d2-MitoTrackerThird-Satellites-Adult_cell344_ptDg_qual.csv
/hpc/hub_oudenaarden/edann/hexamers/rnaseq/mouse/testing2/predictedDg/SvdB11d2-MitoTrackerThird-Satellites-Adult_cell258_ptDg_qual.csv
/hpc/hub_oudenaarden/edann/hexamers/rnaseq/mouse/testing2/predictedDg/SvdB11d2-MitoTrackerThird-Satellites-Adult_cell59_ptDg_qual.csv
/hpc/hub_oudenaarden/edann/hexamers/rnaseq/mouse/testing2/predictedDg/SvdB11d2-MitoTrackerThird-Satellites-Adult_cell191_ptDg_qual.csv
/hpc/hub_oudenaarden/edann/hexamers/rnaseq/mouse/testing2/predictedDg/SvdB11d2-MitoTrackerThird-Satellites-Adult_cell300_ptDg_qual.csv
/hpc/hub_oudenaarden/edann/hexamers/rnaseq/mouse/testing2/predictedDg/SvdB11d2-MitoTrackerThird-Satellites-Adult_cell356_ptDg_qual.csv
/hpc/hub_oudenaarden/edann/hexamers/rnaseq/mouse/testing2/predictedDg/SvdB11d2-MitoTrackerThird-Satellites-Adult_cell120_ptDg_qual.csv
/hpc/hub_oudenaarden/edann/hexamers/rnaseq/mouse/testing2/predictedDg/SvdB11d2-MitoTrackerThird-Satellites-Adult_cell360_ptDg_qual.csv
/hpc/hub_oudenaarden/edann/hexamers/rnaseq/mouse/testing2/predictedDg/SvdB11d2-MitoTrackerThird-Satellites-Adult_cell134_ptDg_qual.csv
/hpc/hub_oudenaarden/edann/hexamers/rnaseq/mouse/testing2/predictedDg/SvdB11d2-MitoTrackerThird-Satellites-Adult_cell33_ptDg_qual.csv
/hpc/hub_oudenaarden/edann/hexamers/rnaseq/mouse/testing2/predictedDg/SvdB11d2-MitoTrackerThird-Satellites-Adult_cell293_ptDg_qual.csv
/hpc/hub_oudenaarden/edann/hexamers/rnaseq/mouse/testing2/predictedDg/SvdB11d2-MitoTrackerThird-Satellites-Adult_cell153_ptDg_qual.csv
/hpc/hub_oudenaarden/edann/hexamers/rnaseq/mouse/testing2/predictedDg/SvdB11d2-MitoTrackerThird-Satellites-Adult_cell384_ptDg_qual.csv
/hpc/hub_oudenaarden/edann/hexamers/rnaseq/mouse/testing2/predictedDg/SvdB11d2-MitoTrackerThird-Satellites-Adult_cell130_ptDg_qual.csv
/hpc/hub_oudenaarden/edann/hexamers/rnaseq/mouse/testing2/predictedDg/SvdB11d2-MitoTrackerThird-Satellites-Adult_cell98_ptDg_qual.csv
/hpc/hub_oudenaarden/edann/hexamers/rnaseq/mouse/testing2/predictedDg/SvdB11d2-MitoTrackerThird-Satellites-Adult_cell296_ptDg_qual.csv
/hpc/hub_oudenaarden/edann/hexamers/rnaseq/mouse/testing2/predictedDg/SvdB11d2-MitoTrackerThird-Satellites-Adult_cell174_ptDg_qual.csv
/hpc/hub_oudenaarden/edann/hexamers/rnaseq/mouse/testing2/predictedDg/SvdB11d2-MitoTrackerThird-Satellites-Adult_cell343_ptDg_qual.csv
/hpc/hub_oudenaarden/edann/hexamers/rnaseq/mouse/testing2/predictedDg/SvdB11d2-MitoTrackerThird-Satellites-Adult_cell20_ptDg_qual.csv
/hpc/hub_oudenaarden/edann/hexamers/rnaseq/mouse/testing2/predictedDg/SvdB11d2-MitoTrackerThird-Satellites-Adult_cell170_ptDg_qual.csv
/hpc/hub_oudenaarden/edann/hexamers/rnaseq/mouse/testing2/predictedDg/SvdB11d2-MitoTrackerThird-Satellites-Adult_cell48_ptDg_qual.csv
/hpc/hub_oudenaarden/edann/hexamers/rnaseq/mouse/testing2/predictedDg/SvdB11d2-MitoTrackerThird-Satellites-Adult_cell142_ptDg_qual.csv
/hpc/hub_oudenaarden/edann/hexamers/rnaseq/mouse/testing2/predictedDg/SvdB11d2-MitoTrackerThird-Satellites-Adult_cell202_ptDg_qual.csv
/hpc/hub_oudenaarden/edann/hexamers/rnaseq/mouse/testing2/predictedDg/SvdB11d2-MitoTrackerThird-Satellites-Adult_cell177_ptDg_qual.csv
/hpc/hub_oudenaarden/edann/hexamers/rnaseq/mouse/testing2/predictedDg/SvdB11d2-MitoTrackerThird-Satellites-Adult_cell299_ptDg_qual.csv
/hpc/hub_oudenaarden/edann/hexamers/rnaseq/mouse/testing2/predictedDg/SvdB11d2-MitoTrackerThird-Satellites-Adult_cell375_ptDg_qual.csv
/hpc/hub_oudenaarden/edann/hexamers/rnaseq/mouse/testing2/predictedDg/SvdB11d2-MitoTrackerThird-Satellites-Adult_cell173_ptDg_qual.csv
/hpc/hub_oudenaarden/edann/hexamers/rnaseq/mouse/testing2/predictedDg/SvdB11d2-MitoTrackerThird-Satellites-Adult_cell145_ptDg_qual.csv
/hpc/hub_oudenaarden/edann/hexamers/rnaseq/mouse/testing2/predictedDg/SvdB11d2-MitoTrackerThird-Satellites-Adult_cell168_ptDg_qual.csv
/hpc/hub_oudenaarden/edann/hexamers/rnaseq/mouse/testing2/predictedDg/SvdB11d2-MitoTrackerThird-Satellites-Adult_cell301_ptDg_qual.csv
/hpc/hub_oudenaarden/edann/hexamers/rnaseq/mouse/testing2/predictedDg/SvdB11d2-MitoTrackerThird-Satellites-Adult_cell149_ptDg_qual.csv
/hpc/hub_oudenaarden/edann/hexamers/rnaseq/mouse/testing2/predictedDg/SvdB11d2-MitoTrackerThird-Satellites-Adult_cell83_ptDg_qual.csv
/hpc/hub_oudenaarden/edann/hexamers/rnaseq/mouse/testing2/predictedDg/SvdB11d2-MitoTrackerThird-Satellites-Adult_cell54_ptDg_qual.csv
/hpc/hub_oudenaarden/edann/hexamers/rnaseq/mouse/testing2/predictedDg/SvdB11d2-MitoTrackerThird-Satellites-Adult_cell6_ptDg_qual.csv
/hpc/hub_oudenaarden/edann/hexamers/rnaseq/mouse/testing2/predictedDg/SvdB11d2-MitoTrackerThird-Satellites-Adult_cell158_ptDg_qual.csv
/hpc/hub_oudenaarden/edann/hexamers/rnaseq/mouse/testing2/predictedDg/SvdB11d2-MitoTrackerThird-Satellites-Adult_cell208_ptDg_qual.csv
/hpc/hub_oudenaarden/edann/hexamers/rnaseq/mouse/testing2/predictedDg/SvdB11d2-MitoTrackerThird-Satellites-Adult_cell228_ptDg_qual.csv
/hpc/hub_oudenaarden/edann/hexamers/rnaseq/mouse/testing2/predictedDg/SvdB11d2-MitoTrackerThird-Satellites-Adult_cell181_ptDg_qual.csv
/hpc/hub_oudenaarden/edann/hexamers/rnaseq/mouse/testing2/predictedDg/SvdB11d2-MitoTrackerThird-Satellites-Adult_cell239_ptDg_qual.csv
/hpc/hub_oudenaarden/edann/hexamers/rnaseq/mouse/testing2/predictedDg/SvdB11d2-MitoTrackerThird-Satellites-Adult_cell126_ptDg_qual.csv
/hpc/hub_oudenaarden/edann/hexamers/rnaseq/mouse/testing2/predictedDg/SvdB11d2-MitoTrackerThird-Satellites-Adult_cell269_ptDg_qual.csv
/hpc/hub_oudenaarden/edann/hexamers/rnaseq/mouse/testing2/predictedDg/SvdB11d2-MitoTrackerThird-Satellites-Adult_cell203_ptDg_qual.csv
/hpc/hub_oudenaarden/edann/hexamers/rnaseq/mouse/testing2/predictedDg/SvdB11d2-MitoTrackerThird-Satellites-Adult_cell383_ptDg_qual.csv
/hpc/hub_oudenaarden/edann/hexamers/rnaseq/mouse/testing2/predictedDg/SvdB11d2-MitoTrackerThird-Satellites-Adult_cell330_ptDg_qual.csv
/hpc/hub_oudenaarden/edann/hexamers/rnaseq/mouse/testing2/predictedDg/SvdB11d2-MitoTrackerThird-Satellites-Adult_cell115_ptDg_qual.csv
/hpc/hub_oudenaarden/edann/hexamers/rnaseq/mouse/testing2/predictedDg/SvdB11d2-MitoTrackerThird-Satellites-Adult_cell96_ptDg_qual.csv
/hpc/hub_oudenaarden/edann/hexamers/rnaseq/mouse/testing2/predictedDg/SvdB11d2-MitoTrackerThird-Satellites-Adult_cell373_ptDg_qual.csv
/hpc/hub_oudenaarden/edann/hexamers/rnaseq/mouse/testing2/predictedDg/SvdB11d2-MitoTrackerThird-Satellites-Adult_cell91_ptDg_qual.csv
/hpc/hub_oudenaarden/edann/hexamers/rnaseq/mouse/testing2/predictedDg/SvdB11d2-MitoTrackerThird-Satellites-Adult_cell252_ptDg_qual.csv
/hpc/hub_oudenaarden/edann/hexamers/rnaseq/mouse/testing2/predictedDg/SvdB11d2-MitoTrackerThird-Satellites-Adult_cell358_ptDg_qual.csv
/hpc/hub_oudenaarden/edann/hexamers/rnaseq/mouse/testing2/predictedDg/SvdB11d2-MitoTrackerThird-Satellites-Adult_cell22_ptDg_qual.csv
/hpc/hub_oudenaarden/edann/hexamers/rnaseq/mouse/testing2/predictedDg/SvdB11d2-MitoTrackerThird-Satellites-Adult_cell359_ptDg_qual.csv
/hpc/hub_oudenaarden/edann/hexamers/rnaseq/mouse/testing2/predictedDg/SvdB11d2-MitoTrackerThird-Satellites-Adult_cell248_ptDg_qual.csv
/hpc/hub_oudenaarden/edann/hexamers/rnaseq/mouse/testing2/predictedDg/SvdB11d2-MitoTrackerThird-Satellites-Adult_cell80_ptDg_qual.csv
/hpc/hub_oudenaarden/edann/hexamers/rnaseq/mouse/testing2/predictedDg/SvdB11d2-MitoTrackerThird-Satellites-Adult_cell332_ptDg_qual.csv
/hpc/hub_oudenaarden/edann/hexamers/rnaseq/mouse/testing2/predictedDg/SvdB11d2-MitoTrackerThird-Satellites-Adult_cell366_ptDg_qual.csv
/hpc/hub_oudenaarden/edann/hexamers/rnaseq/mouse/testing2/predictedDg/SvdB11d2-MitoTrackerThird-Satellites-Adult_cell216_ptDg_qual.csv
/hpc/hub_oudenaarden/edann/hexamers/rnaseq/mouse/testing2/predictedDg/SvdB11d2-MitoTrackerThird-Satellites-Adult_cell85_ptDg_qual.csv
/hpc/hub_oudenaarden/edann/hexamers/rnaseq/mouse/testing2/predictedDg/SvdB11d2-MitoTrackerThird-Satellites-Adult_cell117_ptDg_qual.csv
/hpc/hub_oudenaarden/edann/hexamers/rnaseq/mouse/testing2/predictedDg/SvdB11d2-MitoTrackerThird-Satellites-Adult_cell140_ptDg_qual.csv
/hpc/hub_oudenaarden/edann/hexamers/rnaseq/mouse/testing2/predictedDg/SvdB11d2-MitoTrackerThird-Satellites-Adult_cell114_ptDg_qual.csv
/hpc/hub_oudenaarden/edann/hexamers/rnaseq/mouse/testing2/predictedDg/SvdB11d2-MitoTrackerThird-Satellites-Adult_cell259_ptDg_qual.csv
/hpc/hub_oudenaarden/edann/hexamers/rnaseq/mouse/testing2/predictedDg/SvdB11d2-MitoTrackerThird-Satellites-Adult_cell121_ptDg_qual.csv
/hpc/hub_oudenaarden/edann/hexamers/rnaseq/mouse/testing2/predictedDg/SvdB11d2-MitoTrackerThird-Satellites-Adult_cell35_ptDg_qual.csv
/hpc/hub_oudenaarden/edann/hexamers/rnaseq/mouse/testing2/predictedDg/SvdB11d2-MitoTrackerThird-Satellites-Adult_cell224_ptDg_qual.csv
/hpc/hub_oudenaarden/edann/hexamers/rnaseq/mouse/testing2/predictedDg/SvdB11d2-MitoTrackerThird-Satellites-Adult_cell92_ptDg_qual.csv
/hpc/hub_oudenaarden/edann/hexamers/rnaseq/mouse/testing2/predictedDg/SvdB11d2-MitoTrackerThird-Satellites-Adult_cell68_ptDg_qual.csv
/hpc/hub_oudenaarden/edann/hexamers/rnaseq/mouse/testing2/predictedDg/SvdB11d2-MitoTrackerThird-Satellites-Adult_cell152_ptDg_qual.csv
/hpc/hub_oudenaarden/edann/hexamers/rnaseq/mouse/testing2/predictedDg/SvdB11d2-MitoTrackerThird-Satellites-Adult_cell41_ptDg_qual.csv
/hpc/hub_oudenaarden/edann/hexamers/rnaseq/mouse/testing2/predictedDg/SvdB11d2-MitoTrackerThird-Satellites-Adult_cell264_ptDg_qual.csv
/hpc/hub_oudenaarden/edann/hexamers/rnaseq/mouse/testing2/predictedDg/SvdB11d2-MitoTrackerThird-Satellites-Adult_cell313_ptDg_qual.csv
/hpc/hub_oudenaarden/edann/hexamers/rnaseq/mouse/testing2/predictedDg/SvdB11d2-MitoTrackerThird-Satellites-Adult_cell87_ptDg_qual.csv
/hpc/hub_oudenaarden/edann/hexamers/rnaseq/mouse/testing2/predictedDg/SvdB11d2-MitoTrackerThird-Satellites-Adult_cell11_ptDg_qual.csv
/hpc/hub_oudenaarden/edann/hexamers/rnaseq/mouse/testing2/predictedDg/SvdB11d2-MitoTrackerThird-Satellites-Adult_cell219_ptDg_qual.csv
/hpc/hub_oudenaarden/edann/hexamers/rnaseq/mouse/testing2/predictedDg/SvdB11d2-MitoTrackerThird-Satellites-Adult_cell351_ptDg_qual.csv
/hpc/hub_oudenaarden/edann/hexamers/rnaseq/mouse/testing2/predictedDg/SvdB11d2-MitoTrackerThird-Satellites-Adult_cell316_ptDg_qual.csv
/hpc/hub_oudenaarden/edann/hexamers/rnaseq/mouse/testing2/predictedDg/SvdB11d2-MitoTrackerThird-Satellites-Adult_cell333_ptDg_qual.csv
/hpc/hub_oudenaarden/edann/hexamers/rnaseq/mouse/testing2/predictedDg/SvdB11d2-MitoTrackerThird-Satellites-Adult_cell75_ptDg_qual.csv
/hpc/hub_oudenaarden/edann/hexamers/rnaseq/mouse/testing2/predictedDg/SvdB11d2-MitoTrackerThird-Satellites-Adult_cell138_ptDg_qual.csv
/hpc/hub_oudenaarden/edann/hexamers/rnaseq/mouse/testing2/predictedDg/SvdB11d2-MitoTrackerThird-Satellites-Adult_cell143_ptDg_qual.csv
/hpc/hub_oudenaarden/edann/hexamers/rnaseq/mouse/testing2/predictedDg/SvdB11d2-MitoTrackerThird-Satellites-Adult_cell335_ptDg_qual.csv
/hpc/hub_oudenaarden/edann/hexamers/rnaseq/mouse/testing2/predictedDg/SvdB11d2-MitoTrackerThird-Satellites-Adult_cell97_ptDg_qual.csv
/hpc/hub_oudenaarden/edann/hexamers/rnaseq/mouse/testing2/predictedDg/SvdB11d2-MitoTrackerThird-Satellites-Adult_cell336_ptDg_qual.csv
/hpc/hub_oudenaarden/edann/hexamers/rnaseq/mouse/testing2/predictedDg/SvdB11d2-MitoTrackerThird-Satellites-Adult_cell317_ptDg_qual.csv
/hpc/hub_oudenaarden/edann/hexamers/rnaseq/mouse/testing2/predictedDg/SvdB11d2-MitoTrackerThird-Satellites-Adult_cell88_ptDg_qual.csv
/hpc/hub_oudenaarden/edann/hexamers/rnaseq/mouse/testing2/predictedDg/SvdB11d2-MitoTrackerThird-Satellites-Adult_cell340_ptDg_qual.csv
/hpc/hub_oudenaarden/edann/hexamers/rnaseq/mouse/testing2/predictedDg/SvdB11d2-MitoTrackerThird-Satellites-Adult_cell16_ptDg_qual.csv
/hpc/hub_oudenaarden/edann/hexamers/rnaseq/mouse/testing2/predictedDg/SvdB11d2-MitoTrackerThird-Satellites-Adult_cell337_ptDg_qual.csv
/hpc/hub_oudenaarden/edann/hexamers/rnaseq/mouse/testing2/predictedDg/SvdB11d2-MitoTrackerThird-Satellites-Adult_cell103_ptDg_qual.csv
/hpc/hub_oudenaarden/edann/hexamers/rnaseq/mouse/testing2/predictedDg/SvdB11d2-MitoTrackerThird-Satellites-Adult_cell15_ptDg_qual.csv
/hpc/hub_oudenaarden/edann/hexamers/rnaseq/mouse/testing2/predictedDg/SvdB11d2-MitoTrackerThird-Satellites-Adult_cell243_ptDg_qual.csv
/hpc/hub_oudenaarden/edann/hexamers/rnaseq/mouse/testing2/predictedDg/SvdB11d2-MitoTrackerThird-Satellites-Adult_cell49_ptDg_qual.csv
/hpc/hub_oudenaarden/edann/hexamers/rnaseq/mouse/testing2/predictedDg/SvdB11d2-MitoTrackerThird-Satellites-Adult_cell315_ptDg_qual.csv
/hpc/hub_oudenaarden/edann/hexamers/rnaseq/mouse/testing2/predictedDg/SvdB11d2-MitoTrackerThird-Satellites-Adult_cell27_ptDg_qual.csv
/hpc/hub_oudenaarden/edann/hexamers/rnaseq/mouse/testing2/predictedDg/SvdB11d2-MitoTrackerThird-Satellites-Adult_cell147_ptDg_qual.csv
/hpc/hub_oudenaarden/edann/hexamers/rnaseq/mouse/testing2/predictedDg/SvdB11d2-MitoTrackerThird-Satellites-Adult_cell1_ptDg_qual.csv
/hpc/hub_oudenaarden/edann/hexamers/rnaseq/mouse/testing2/predictedDg/SvdB11d2-MitoTrackerThird-Satellites-Adult_cell194_ptDg_qual.csv
/hpc/hub_oudenaarden/edann/hexamers/rnaseq/mouse/testing2/predictedDg/SvdB11d2-MitoTrackerThird-Satellites-Adult_cell60_ptDg_qual.csv
/hpc/hub_oudenaarden/edann/hexamers/rnaseq/mouse/testing2/predictedDg/SvdB11d2-MitoTrackerThird-Satellites-Adult_cell199_ptDg_qual.csv
/hpc/hub_oudenaarden/edann/hexamers/rnaseq/mouse/testing2/predictedDg/SvdB11d2-MitoTrackerThird-Satellites-Adult_cell185_ptDg_qual.csv
/hpc/hub_oudenaarden/edann/hexamers/rnaseq/mouse/testing2/predictedDg/SvdB11d2-MitoTrackerThird-Satellites-Adult_cell291_ptDg_qual.csv
/hpc/hub_oudenaarden/edann/hexamers/rnaseq/mouse/testing2/predictedDg/SvdB11d2-MitoTrackerThird-Satellites-Adult_cell84_ptDg_qual.csv
/hpc/hub_oudenaarden/edann/hexamers/rnaseq/mouse/testing2/predictedDg/SvdB11d2-MitoTrackerThird-Satellites-Adult_cell220_ptDg_qual.csv
/hpc/hub_oudenaarden/edann/hexamers/rnaseq/mouse/testing2/predictedDg/SvdB11d2-MitoTrackerThird-Satellites-Adult_cell319_ptDg_qual.csv
/hpc/hub_oudenaarden/edann/hexamers/rnaseq/mouse/testing2/predictedDg/SvdB11d2-MitoTrackerThird-Satellites-Adult_cell4_ptDg_qual.csv
/hpc/hub_oudenaarden/edann/hexamers/rnaseq/mouse/testing2/predictedDg/SvdB11d2-MitoTrackerThird-Satellites-Adult_cell188_ptDg_qual.csv
/hpc/hub_oudenaarden/edann/hexamers/rnaseq/mouse/testing2/predictedDg/SvdB11d2-MitoTrackerThird-Satellites-Adult_cell294_ptDg_qual.csv
/hpc/hub_oudenaarden/edann/hexamers/rnaseq/mouse/testing2/predictedDg/SvdB11d2-MitoTrackerThird-Satellites-Adult_cell111_ptDg_qual.csv
/hpc/hub_oudenaarden/edann/hexamers/rnaseq/mouse/testing2/predictedDg/SvdB11d2-MitoTrackerThird-Satellites-Adult_cell240_ptDg_qual.csv
/hpc/hub_oudenaarden/edann/hexamers/rnaseq/mouse/testing2/predictedDg/SvdB11d2-MitoTrackerThird-Satellites-Adult_cell324_ptDg_qual.csv
/hpc/hub_oudenaarden/edann/hexamers/rnaseq/mouse/testing2/predictedDg/SvdB11d2-MitoTrackerThird-Satellites-Adult_cell64_ptDg_qual.csv
/hpc/hub_oudenaarden/edann/hexamers/rnaseq/mouse/testing2/predictedDg/SvdB11d2-MitoTrackerThird-Satellites-Adult_cell310_ptDg_qual.csv
/hpc/hub_oudenaarden/edann/hexamers/rnaseq/mouse/testing2/predictedDg/SvdB11d2-MitoTrackerThird-Satellites-Adult_cell105_ptDg_qual.csv
/hpc/hub_oudenaarden/edann/hexamers/rnaseq/mouse/testing2/predictedDg/SvdB11d2-MitoTrackerThird-Satellites-Adult_cell323_ptDg_qual.csv
/hpc/hub_oudenaarden/edann/hexamers/rnaseq/mouse/testing2/predictedDg/SvdB11d2-MitoTrackerThird-Satellites-Adult_cell365_ptDg_qual.csv
/hpc/hub_oudenaarden/edann/hexamers/rnaseq/mouse/testing2/predictedDg/SvdB11d2-MitoTrackerThird-Satellites-Adult_cell314_ptDg_qual.csv
/hpc/hub_oudenaarden/edann/hexamers/rnaseq/mouse/testing2/predictedDg/SvdB11d2-MitoTrackerThird-Satellites-Adult_cell227_ptDg_qual.csv
/hpc/hub_oudenaarden/edann/hexamers/rnaseq/mouse/testing2/predictedDg/SvdB11d2-MitoTrackerThird-Satellites-Adult_cell349_ptDg_qual.csv
/hpc/hub_oudenaarden/edann/hexamers/rnaseq/mouse/testing2/predictedDg/SvdB11d2-MitoTrackerThird-Satellites-Adult_cell79_ptDg_qual.csv
/hpc/hub_oudenaarden/edann/hexamers/rnaseq/mouse/testing2/predictedDg/SvdB11d2-MitoTrackerThird-Satellites-Adult_cell154_ptDg_qual.csv
/hpc/hub_oudenaarden/edann/hexamers/rnaseq/mouse/testing2/predictedDg/SvdB11d2-MitoTrackerThird-Satellites-Adult_cell129_ptDg_qual.csv
/hpc/hub_oudenaarden/edann/hexamers/rnaseq/mouse/testing2/predictedDg/SvdB11d2-MitoTrackerThird-Satellites-Adult_cell367_ptDg_qual.csv
/hpc/hub_oudenaarden/edann/hexamers/rnaseq/mouse/testing2/predictedDg/SvdB11d2-MitoTrackerThird-Satellites-Adult_cell52_ptDg_qual.csv
/hpc/hub_oudenaarden/edann/hexamers/rnaseq/mouse/testing2/predictedDg/SvdB11d2-MitoTrackerThird-Satellites-Adult_cell287_ptDg_qual.csv
/hpc/hub_oudenaarden/edann/hexamers/rnaseq/mouse/testing2/predictedDg/SvdB11d2-MitoTrackerThird-Satellites-Adult_cell89_ptDg_qual.csv
/hpc/hub_oudenaarden/edann/hexamers/rnaseq/mouse/testing2/predictedDg/SvdB11d2-MitoTrackerThird-Satellites-Adult_cell318_ptDg_qual.csv
/hpc/hub_oudenaarden/edann/hexamers/rnaseq/mouse/testing2/predictedDg/SvdB11d2-MitoTrackerThird-Satellites-Adult_cell169_ptDg_qual.csv
/hpc/hub_oudenaarden/edann/hexamers/rnaseq/mouse/testing2/predictedDg/SvdB11d2-MitoTrackerThird-Satellites-Adult_cell53_ptDg_qual.csv
/hpc/hub_oudenaarden/edann/hexamers/rnaseq/mouse/testing2/predictedDg/SvdB11d2-MitoTrackerThird-Satellites-Adult_cell14_ptDg_qual.csv
/hpc/hub_oudenaarden/edann/hexamers/rnaseq/mouse/testing2/predictedDg/SvdB11d2-MitoTrackerThird-Satellites-Adult_cell221_ptDg_qual.csv
/hpc/hub_oudenaarden/edann/hexamers/rnaseq/mouse/testing2/predictedDg/SvdB11d2-MitoTrackerThird-Satellites-Adult_cell156_ptDg_qual.csv
/hpc/hub_oudenaarden/edann/hexamers/rnaseq/mouse/testing2/predictedDg/SvdB11d2-MitoTrackerThird-Satellites-Adult_cell271_ptDg_qual.csv
/hpc/hub_oudenaarden/edann/hexamers/rnaseq/mouse/testing2/predictedDg/SvdB11d2-MitoTrackerThird-Satellites-Adult_cell182_ptDg_qual.csv
/hpc/hub_oudenaarden/edann/hexamers/rnaseq/mouse/testing2/predictedDg/SvdB11d2-MitoTrackerThird-Satellites-Adult_cell9_ptDg_qual.csv
/hpc/hub_oudenaarden/edann/hexamers/rnaseq/mouse/testing2/predictedDg/SvdB11d2-MitoTrackerThird-Satellites-Adult_cell308_ptDg_qual.csv
/hpc/hub_oudenaarden/edann/hexamers/rnaseq/mouse/testing2/predictedDg/SvdB11d2-MitoTrackerThird-Satellites-Adult_cell276_ptDg_qual.csv
/hpc/hub_oudenaarden/edann/hexamers/rnaseq/mouse/testing2/predictedDg/SvdB11d2-MitoTrackerThird-Satellites-Adult_cell196_ptDg_qual.csv
/hpc/hub_oudenaarden/edann/hexamers/rnaseq/mouse/testing2/predictedDg/SvdB11d2-MitoTrackerThird-Satellites-Adult_cell234_ptDg_qual.csv
/hpc/hub_oudenaarden/edann/hexamers/rnaseq/mouse/testing2/predictedDg/SvdB11d2-MitoTrackerThird-Satellites-Adult_cell5_ptDg_qual.csv
/hpc/hub_oudenaarden/edann/hexamers/rnaseq/mouse/testing2/predictedDg/SvdB11d2-MitoTrackerThird-Satellites-Adult_cell122_ptDg_qual.csv
/hpc/hub_oudenaarden/edann/hexamers/rnaseq/mouse/testing2/predictedDg/SvdB11d2-MitoTrackerThird-Satellites-Adult_cell189_ptDg_qual.csv
/hpc/hub_oudenaarden/edann/hexamers/rnaseq/mouse/testing2/predictedDg/SvdB11d2-MitoTrackerThird-Satellites-Adult_cell61_ptDg_qual.csv
/hpc/hub_oudenaarden/edann/hexamers/rnaseq/mouse/testing2/predictedDg/SvdB11d2-MitoTrackerThird-Satellites-Adult_cell263_ptDg_qual.csv
/hpc/hub_oudenaarden/edann/hexamers/rnaseq/mouse/testing2/predictedDg/SvdB11d2-MitoTrackerThird-Satellites-Adult_cell357_ptDg_qual.csv
/hpc/hub_oudenaarden/edann/hexamers/rnaseq/mouse/testing2/predictedDg/SvdB11d2-MitoTrackerThird-Satellites-Adult_cell104_ptDg_qual.csv
/hpc/hub_oudenaarden/edann/hexamers/rnaseq/mouse/testing2/predictedDg/SvdB11d2-MitoTrackerThird-Satellites-Adult_cell44_ptDg_qual.csv
/hpc/hub_oudenaarden/edann/hexamers/rnaseq/mouse/testing2/predictedDg/SvdB11d2-MitoTrackerThird-Satellites-Adult_cell139_ptDg_qual.csv
/hpc/hub_oudenaarden/edann/hexamers/rnaseq/mouse/testing2/predictedDg/SvdB11d2-MitoTrackerThird-Satellites-Adult_cell28_ptDg_qual.csv
/hpc/hub_oudenaarden/edann/hexamers/rnaseq/mouse/testing2/predictedDg/SvdB11d2-MitoTrackerThird-Satellites-Adult_cell275_ptDg_qual.csv
/hpc/hub_oudenaarden/edann/hexamers/rnaseq/mouse/testing2/predictedDg/SvdB11d2-MitoTrackerThird-Satellites-Adult_cell262_ptDg_qual.csv
/hpc/hub_oudenaarden/edann/hexamers/rnaseq/mouse/testing2/predictedDg/SvdB11d2-MitoTrackerThird-Satellites-Adult_cell245_ptDg_qual.csv
/hpc/hub_oudenaarden/edann/hexamers/rnaseq/mouse/testing2/predictedDg/SvdB11d2-MitoTrackerThird-Satellites-Adult_cell232_ptDg_qual.csv
/hpc/hub_oudenaarden/edann/hexamers/rnaseq/mouse/testing2/predictedDg/SvdB11d2-MitoTrackerThird-Satellites-Adult_cell215_ptDg_qual.csv
/hpc/hub_oudenaarden/edann/hexamers/rnaseq/mouse/testing2/predictedDg/SvdB11d2-MitoTrackerThird-Satellites-Adult_cell341_ptDg_qual.csv
/hpc/hub_oudenaarden/edann/hexamers/rnaseq/mouse/testing2/predictedDg/SvdB11d2-MitoTrackerThird-Satellites-Adult_cell237_ptDg_qual.csv
/hpc/hub_oudenaarden/edann/hexamers/rnaseq/mouse/testing2/predictedDg/SvdB11d2-MitoTrackerThird-Satellites-Adult_cell242_ptDg_qual.csv
/hpc/hub_oudenaarden/edann/hexamers/rnaseq/mouse/testing2/predictedDg/SvdB11d2-MitoTrackerThird-Satellites-Adult_cell94_ptDg_qual.csv
/hpc/hub_oudenaarden/edann/hexamers/rnaseq/mouse/testing2/predictedDg/SvdB11d2-MitoTrackerThird-Satellites-Adult_cell233_ptDg_qual.csv
/hpc/hub_oudenaarden/edann/hexamers/rnaseq/mouse/testing2/predictedDg/SvdB11d2-MitoTrackerThird-Satellites-Adult_cell76_ptDg_qual.csv
/hpc/hub_oudenaarden/edann/hexamers/rnaseq/mouse/testing2/predictedDg/SvdB11d2-MitoTrackerThird-Satellites-Adult_cell235_ptDg_qual.csv
/hpc/hub_oudenaarden/edann/hexamers/rnaseq/mouse/testing2/predictedDg/SvdB11d2-MitoTrackerThird-Satellites-Adult_cell282_ptDg_qual.csv
/hpc/hub_oudenaarden/edann/hexamers/rnaseq/mouse/testing2/predictedDg/SvdB11d2-MitoTrackerThird-Satellites-Adult_cell136_ptDg_qual.csv
/hpc/hub_oudenaarden/edann/hexamers/rnaseq/mouse/testing2/predictedDg/SvdB11d2-MitoTrackerThird-Satellites-Adult_cell197_ptDg_qual.csv
/hpc/hub_oudenaarden/edann/hexamers/rnaseq/mouse/testing2/predictedDg/SvdB11d2-MitoTrackerThird-Satellites-Adult_cell180_ptDg_qual.csv
/hpc/hub_oudenaarden/edann/hexamers/rnaseq/mouse/testing2/predictedDg/SvdB11d2-MitoTrackerThird-Satellites-Adult_cell24_ptDg_qual.csv
/hpc/hub_oudenaarden/edann/hexamers/rnaseq/mouse/testing2/predictedDg/SvdB11d2-MitoTrackerThird-Satellites-Adult_cell257_ptDg_qual.csv
/hpc/hub_oudenaarden/edann/hexamers/rnaseq/mouse/testing2/predictedDg/SvdB11d2-MitoTrackerThird-Satellites-Adult_cell39_ptDg_qual.csv
/hpc/hub_oudenaarden/edann/hexamers/rnaseq/mouse/testing2/predictedDg/SvdB11d2-MitoTrackerThird-Satellites-Adult_cell209_ptDg_qual.csv
/hpc/hub_oudenaarden/edann/hexamers/rnaseq/mouse/testing2/predictedDg/SvdB11d2-MitoTrackerThird-Satellites-Adult_cell345_ptDg_qual.csv
/hpc/hub_oudenaarden/edann/hexamers/rnaseq/mouse/testing2/predictedDg/SvdB11d2-MitoTrackerThird-Satellites-Adult_cell281_ptDg_qual.csv
/hpc/hub_oudenaarden/edann/hexamers/rnaseq/mouse/testing2/predictedDg/SvdB11d2-MitoTrackerThird-Satellites-Adult_cell326_ptDg_qual.csv
/hpc/hub_oudenaarden/edann/hexamers/rnaseq/mouse/testing2/predictedDg/SvdB11d2-MitoTrackerThird-Satellites-Adult_cell131_ptDg_qual.csv
/hpc/hub_oudenaarden/edann/hexamers/rnaseq/mouse/testing2/predictedDg/SvdB11d2-MitoTrackerThird-Satellites-Adult_cell102_ptDg_qual.csv
/hpc/hub_oudenaarden/edann/hexamers/rnaseq/mouse/testing2/predictedDg/SvdB11d2-MitoTrackerThird-Satellites-Adult_cell32_ptDg_qual.csv
/hpc/hub_oudenaarden/edann/hexamers/rnaseq/mouse/testing2/predictedDg/SvdB11d2-MitoTrackerThird-Satellites-Adult_cell162_ptDg_qual.csv
/hpc/hub_oudenaarden/edann/hexamers/rnaseq/mouse/testing2/predictedDg/SvdB11d2-MitoTrackerThird-Satellites-Adult_cell127_ptDg_qual.csv
/hpc/hub_oudenaarden/edann/hexamers/rnaseq/mouse/testing2/predictedDg/SvdB11d2-MitoTrackerThird-Satellites-Adult_cell25_ptDg_qual.csv
/hpc/hub_oudenaarden/edann/hexamers/rnaseq/mouse/testing2/predictedDg/SvdB11d2-MitoTrackerThird-Satellites-Adult_cell329_ptDg_qual.csv
/hpc/hub_oudenaarden/edann/hexamers/rnaseq/mouse/testing2/predictedDg/SvdB11d2-MitoTrackerThird-Satellites-Adult_cell123_ptDg_qual.csv
/hpc/hub_oudenaarden/edann/hexamers/rnaseq/mouse/testing2/predictedDg/SvdB11d2-MitoTrackerThird-Satellites-Adult_cell350_ptDg_qual.csv
/hpc/hub_oudenaarden/edann/hexamers/rnaseq/mouse/testing2/predictedDg/SvdB11d2-MitoTrackerThird-Satellites-Adult_cell364_ptDg_qual.csv
/hpc/hub_oudenaarden/edann/hexamers/rnaseq/mouse/testing2/predictedDg/SvdB11d2-MitoTrackerThird-Satellites-Adult_cell133_ptDg_qual.csv
/hpc/hub_oudenaarden/edann/hexamers/rnaseq/mouse/testing2/predictedDg/SvdB11d2-MitoTrackerThird-Satellites-Adult_cell288_ptDg_qual.csv
/hpc/hub_oudenaarden/edann/hexamers/rnaseq/mouse/testing2/predictedDg/SvdB11d2-MitoTrackerThird-Satellites-Adult_cell8_ptDg_qual.csv
/hpc/hub_oudenaarden/edann/hexamers/rnaseq/mouse/testing2/predictedDg/SvdB11d2-MitoTrackerThird-Satellites-Adult_cell90_ptDg_qual.csv
/hpc/hub_oudenaarden/edann/hexamers/rnaseq/mouse/testing2/predictedDg/SvdB11d2-MitoTrackerThird-Satellites-Adult_cell279_ptDg_qual.csv
/hpc/hub_oudenaarden/edann/hexamers/rnaseq/mouse/testing2/predictedDg/SvdB11d2-MitoTrackerThird-Satellites-Adult_cell247_ptDg_qual.csv
/hpc/hub_oudenaarden/edann/hexamers/rnaseq/mouse/testing2/predictedDg/SvdB11d2-MitoTrackerThird-Satellites-Adult_cell30_ptDg_qual.csv
/hpc/hub_oudenaarden/edann/hexamers/rnaseq/mouse/testing2/predictedDg/SvdB11d2-MitoTrackerThird-Satellites-Adult_cell297_ptDg_qual.csv
/hpc/hub_oudenaarden/edann/hexamers/rnaseq/mouse/testing2/predictedDg/SvdB11d2-MitoTrackerThird-Satellites-Adult_cell312_ptDg_qual.csv
/hpc/hub_oudenaarden/edann/hexamers/rnaseq/mouse/testing2/predictedDg/SvdB11d2-MitoTrackerThird-Satellites-Adult_cell289_ptDg_qual.csv
/hpc/hub_oudenaarden/edann/hexamers/rnaseq/mouse/testing2/predictedDg/SvdB11d2-MitoTrackerThird-Satellites-Adult_cell371_ptDg_qual.csv
/hpc/hub_oudenaarden/edann/hexamers/rnaseq/mouse/testing2/predictedDg/SvdB11d2-MitoTrackerThird-Satellites-Adult_cell290_ptDg_qual.csv
/hpc/hub_oudenaarden/edann/hexamers/rnaseq/mouse/testing2/predictedDg/SvdB11d2-MitoTrackerThird-Satellites-Adult_cell283_ptDg_qual.csv
/hpc/hub_oudenaarden/edann/hexamers/rnaseq/mouse/testing2/predictedDg/SvdB11d2-MitoTrackerThird-Satellites-Adult_cell172_ptDg_qual.csv
/hpc/hub_oudenaarden/edann/hexamers/rnaseq/mouse/testing2/predictedDg/SvdB11d2-MitoTrackerThird-Satellites-Adult_cell161_ptDg_qual.csv
/hpc/hub_oudenaarden/edann/hexamers/rnaseq/mouse/testing2/predictedDg/SvdB11d2-MitoTrackerThird-Satellites-Adult_cell18_ptDg_qual.csv
/hpc/hub_oudenaarden/edann/hexamers/rnaseq/mouse/testing2/predictedDg/SvdB11d2-MitoTrackerThird-Satellites-Adult_cell353_ptDg_qual.csv
/hpc/hub_oudenaarden/edann/hexamers/rnaseq/mouse/testing2/predictedDg/SvdB11d2-MitoTrackerThird-Satellites-Adult_cell238_ptDg_qual.csv
/hpc/hub_oudenaarden/edann/hexamers/rnaseq/mouse/testing2/predictedDg/SvdB11d2-MitoTrackerThird-Satellites-Adult_cell311_ptDg_qual.csv
/hpc/hub_oudenaarden/edann/hexamers/rnaseq/mouse/testing2/predictedDg/SvdB11d2-MitoTrackerThird-Satellites-Adult_cell78_ptDg_qual.csv
/hpc/hub_oudenaarden/edann/hexamers/rnaseq/mouse/testing2/predictedDg/SvdB11d2-MitoTrackerThird-Satellites-Adult_cell171_ptDg_qual.csv
/hpc/hub_oudenaarden/edann/hexamers/rnaseq/mouse/testing2/predictedDg/SvdB11d2-MitoTrackerThird-Satellites-Adult_cell347_ptDg_qual.csv
/hpc/hub_oudenaarden/edann/hexamers/rnaseq/mouse/testing2/predictedDg/SvdB11d2-MitoTrackerThird-Satellites-Adult_cell253_ptDg_qual.csv
/hpc/hub_oudenaarden/edann/hexamers/rnaseq/mouse/testing2/predictedDg/SvdB11d2-MitoTrackerThird-Satellites-Adult_cell70_ptDg_qual.csv
/hpc/hub_oudenaarden/edann/hexamers/rnaseq/mouse/testing2/predictedDg/SvdB11d2-MitoTrackerThird-Satellites-Adult_cell218_ptDg_qual.csv
/hpc/hub_oudenaarden/edann/hexamers/rnaseq/mouse/testing2/predictedDg/SvdB11d2-MitoTrackerThird-Satellites-Adult_cell19_ptDg_qual.csv
/hpc/hub_oudenaarden/edann/hexamers/rnaseq/mouse/testing2/predictedDg/SvdB11d2-MitoTrackerThird-Satellites-Adult_cell254_ptDg_qual.csv
/hpc/hub_oudenaarden/edann/hexamers/rnaseq/mouse/testing2/predictedDg/SvdB11d2-MitoTrackerThird-Satellites-Adult_cell346_ptDg_qual.csv
/hpc/hub_oudenaarden/edann/hexamers/rnaseq/mouse/testing2/predictedDg/SvdB11d2-MitoTrackerThird-Satellites-Adult_cell21_ptDg_qual.csv
/hpc/hub_oudenaarden/edann/hexamers/rnaseq/mouse/testing2/predictedDg/SvdB11d2-MitoTrackerThird-Satellites-Adult_cell230_ptDg_qual.csv
/hpc/hub_oudenaarden/edann/hexamers/rnaseq/mouse/testing2/predictedDg/SvdB11d2-MitoTrackerThird-Satellites-Adult_cell267_ptDg_qual.csv
/hpc/hub_oudenaarden/edann/hexamers/rnaseq/mouse/testing2/predictedDg/SvdB11d2-MitoTrackerThird-Satellites-Adult_cell198_ptDg_qual.csv
/hpc/hub_oudenaarden/edann/hexamers/rnaseq/mouse/testing2/predictedDg/SvdB11d2-MitoTrackerThird-Satellites-Adult_cell101_ptDg_qual.csv
/hpc/hub_oudenaarden/edann/hexamers/rnaseq/mouse/testing2/predictedDg/SvdB11d2-MitoTrackerThird-Satellites-Adult_cell348_ptDg_qual.csv
/hpc/hub_oudenaarden/edann/hexamers/rnaseq/mouse/testing2/predictedDg/SvdB11d2-MitoTrackerThird-Satellites-Adult_cell57_ptDg_qual.csv
/hpc/hub_oudenaarden/edann/hexamers/rnaseq/mouse/testing2/predictedDg/SvdB11d2-MitoTrackerThird-Satellites-Adult_cell40_ptDg_qual.csv
/hpc/hub_oudenaarden/edann/hexamers/rnaseq/mouse/testing2/predictedDg/SvdB11d2-MitoTrackerThird-Satellites-Adult_cell223_ptDg_qual.csv
/hpc/hub_oudenaarden/edann/hexamers/rnaseq/mouse/testing2/predictedDg/SvdB11d2-MitoTrackerThird-Satellites-Adult_cell163_ptDg_qual.csv
/hpc/hub_oudenaarden/edann/hexamers/rnaseq/mouse/testing2/predictedDg/SvdB11d2-MitoTrackerThird-Satellites-Adult_cell86_ptDg_qual.csv
/hpc/hub_oudenaarden/edann/hexamers/rnaseq/mouse/testing2/predictedDg/SvdB11d2-MitoTrackerThird-Satellites-Adult_cell204_ptDg_qual.csv
/hpc/hub_oudenaarden/edann/hexamers/rnaseq/mouse/testing2/predictedDg/SvdB11d2-MitoTrackerThird-Satellites-Adult_cell207_ptDg_qual.csv
/hpc/hub_oudenaarden/edann/hexamers/rnaseq/mouse/testing2/predictedDg/SvdB11d2-MitoTrackerThird-Satellites-Adult_cell354_ptDg_qual.csv
/hpc/hub_oudenaarden/edann/hexamers/rnaseq/mouse/testing2/predictedDg/SvdB11d2-MitoTrackerThird-Satellites-Adult_cell43_ptDg_qual.csv
/hpc/hub_oudenaarden/edann/hexamers/rnaseq/mouse/testing2/predictedDg/SvdB11d2-MitoTrackerThird-Satellites-Adult_cell246_ptDg_qual.csv
/hpc/hub_oudenaarden/edann/hexamers/rnaseq/mouse/testing2/predictedDg/SvdB11d2-MitoTrackerThird-Satellites-Adult_cell29_ptDg_qual.csv
/hpc/hub_oudenaarden/edann/hexamers/rnaseq/mouse/testing2/predictedDg/SvdB11d2-MitoTrackerThird-Satellites-Adult_cell278_ptDg_qual.csv
/hpc/hub_oudenaarden/edann/hexamers/rnaseq/mouse/testing2/predictedDg/SvdB11d2-MitoTrackerThird-Satellites-Adult_cell13_ptDg_qual.csv
/hpc/hub_oudenaarden/edann/hexamers/rnaseq/mouse/testing2/predictedDg/SvdB11d2-MitoTrackerThird-Satellites-Adult_cell379_ptDg_qual.csv
/hpc/hub_oudenaarden/edann/hexamers/rnaseq/mouse/testing2/predictedDg/SvdB11d2-MitoTrackerThird-Satellites-Adult_cell77_ptDg_qual.csv
/hpc/hub_oudenaarden/edann/hexamers/rnaseq/mouse/testing2/predictedDg/SvdB11d2-MitoTrackerThird-Satellites-Adult_cell225_ptDg_qual.csv
/hpc/hub_oudenaarden/edann/hexamers/rnaseq/mouse/testing2/predictedDg/SvdB11d2-MitoTrackerThird-Satellites-Adult_cell231_ptDg_qual.csv
/hpc/hub_oudenaarden/edann/hexamers/rnaseq/mouse/testing2/predictedDg/SvdB11d2-MitoTrackerThird-Satellites-Adult_cell144_ptDg_qual.csv
/hpc/hub_oudenaarden/edann/hexamers/rnaseq/mouse/testing2/predictedDg/SvdB11d2-MitoTrackerThird-Satellites-Adult_cell244_ptDg_qual.csv
/hpc/hub_oudenaarden/edann/hexamers/rnaseq/mouse/testing2/predictedDg/SvdB11d2-MitoTrackerThird-Satellites-Adult_cell95_ptDg_qual.csv
/hpc/hub_oudenaarden/edann/hexamers/rnaseq/mouse/testing2/predictedDg/SvdB11d2-MitoTrackerThird-Satellites-Adult_cell292_ptDg_qual.csv
/hpc/hub_oudenaarden/edann/hexamers/rnaseq/mouse/testing2/predictedDg/SvdB11d2-MitoTrackerThird-Satellites-Adult_cell309_ptDg_qual.csv
/hpc/hub_oudenaarden/edann/hexamers/rnaseq/mouse/testing2/predictedDg/SvdB11d2-MitoTrackerThird-Satellites-Adult_cell307_ptDg_qual.csv
/hpc/hub_oudenaarden/edann/hexamers/rnaseq/mouse/testing2/predictedDg/SvdB11d2-MitoTrackerThird-Satellites-Adult_cell165_ptDg_qual.csv
/hpc/hub_oudenaarden/edann/hexamers/rnaseq/mouse/testing2/predictedDg/SvdB11d2-MitoTrackerThird-Satellites-Adult_cell226_ptDg_qual.csv
/hpc/hub_oudenaarden/edann/hexamers/rnaseq/mouse/testing2/predictedDg/SvdB11d2-MitoTrackerThird-Satellites-Adult_cell195_ptDg_qual.csv
/hpc/hub_oudenaarden/edann/hexamers/rnaseq/mouse/testing2/predictedDg/SvdB11d2-MitoTrackerThird-Satellites-Adult_cell146_ptDg_qual.csv
/hpc/hub_oudenaarden/edann/hexamers/rnaseq/mouse/testing2/predictedDg/SvdB11d2-MitoTrackerThird-Satellites-Adult_cell116_ptDg_qual.csv
/hpc/hub_oudenaarden/edann/hexamers/rnaseq/mouse/testing2/predictedDg/SvdB11d2-MitoTrackerThird-Satellites-Adult_cell303_ptDg_qual.csv
/hpc/hub_oudenaarden/edann/hexamers/rnaseq/mouse/testing2/predictedDg/SvdB11d2-MitoTrackerThird-Satellites-Adult_cell277_ptDg_qual.csv
/hpc/hub_oudenaarden/edann/hexamers/rnaseq/mouse/testing2/predictedDg/SvdB11d2-MitoTrackerThird-Satellites-Adult_cell342_ptDg_qual.csv
/hpc/hub_oudenaarden/edann/hexamers/rnaseq/mouse/testing2/predictedDg/SvdB11d2-MitoTrackerThird-Satellites-Adult_cell214_ptDg_qual.csv
/hpc/hub_oudenaarden/edann/hexamers/rnaseq/mouse/testing2/predictedDg/SvdB11d2-MitoTrackerThird-Satellites-Adult_cell23_ptDg_qual.csv
/hpc/hub_oudenaarden/edann/hexamers/rnaseq/mouse/testing2/predictedDg/SvdB11d2-MitoTrackerThird-Satellites-Adult_cell157_ptDg_qual.csv
/hpc/hub_oudenaarden/edann/hexamers/rnaseq/mouse/testing2/predictedDg/SvdB11d2-MitoTrackerThird-Satellites-Adult_cell109_ptDg_qual.csv
/hpc/hub_oudenaarden/edann/hexamers/rnaseq/mouse/testing2/predictedDg/SvdB11d2-MitoTrackerThird-Satellites-Adult_cell17_ptDg_qual.csv
/hpc/hub_oudenaarden/edann/hexamers/rnaseq/mouse/testing2/predictedDg/SvdB11d2-MitoTrackerThird-Satellites-Adult_cell62_ptDg_qual.csv
/hpc/hub_oudenaarden/edann/hexamers/rnaseq/mouse/testing2/predictedDg/SvdB11d2-MitoTrackerThird-Satellites-Adult_cell212_ptDg_qual.csv
/hpc/hub_oudenaarden/edann/hexamers/rnaseq/mouse/testing2/predictedDg/SvdB11d2-MitoTrackerThird-Satellites-Adult_cell274_ptDg_qual.csv
/hpc/hub_oudenaarden/edann/hexamers/rnaseq/mouse/testing2/predictedDg/SvdB11d2-MitoTrackerThird-Satellites-Adult_cell325_ptDg_qual.csv
/hpc/hub_oudenaarden/edann/hexamers/rnaseq/mouse/testing2/predictedDg/SvdB11d2-MitoTrackerThird-Satellites-Adult_cell304_ptDg_qual.csv
/hpc/hub_oudenaarden/edann/hexamers/rnaseq/mouse/testing2/predictedDg/SvdB11d2-MitoTrackerThird-Satellites-Adult_cell42_ptDg_qual.csv
/hpc/hub_oudenaarden/edann/hexamers/rnaseq/mouse/testing2/predictedDg/SvdB11d2-MitoTrackerThird-Satellites-Adult_cell190_ptDg_qual.csv
/hpc/hub_oudenaarden/edann/hexamers/rnaseq/mouse/testing2/predictedDg/SvdB11d2-MitoTrackerThird-Satellites-Adult_cell270_ptDg_qual.csv
/hpc/hub_oudenaarden/edann/hexamers/rnaseq/mouse/testing2/predictedDg/SvdB11d2-MitoTrackerThird-Satellites-Adult_cell352_ptDg_qual.csv
/hpc/hub_oudenaarden/edann/hexamers/rnaseq/mouse/testing2/predictedDg/SvdB11d2-MitoTrackerThird-Satellites-Adult_cell66_ptDg_qual.csv
/hpc/hub_oudenaarden/edann/hexamers/rnaseq/mouse/testing2/predictedDg/SvdB11d2-MitoTrackerThird-Satellites-Adult_cell205_ptDg_qual.csv
/hpc/hub_oudenaarden/edann/hexamers/rnaseq/mouse/testing2/predictedDg/SvdB11d2-MitoTrackerThird-Satellites-Adult_cell211_ptDg_qual.csv
/hpc/hub_oudenaarden/edann/hexamers/rnaseq/mouse/testing2/predictedDg/SvdB11d2-MitoTrackerThird-Satellites-Adult_cell363_ptDg_qual.csv
/hpc/hub_oudenaarden/edann/hexamers/rnaseq/mouse/testing2/predictedDg/SvdB11d2-MitoTrackerThird-Satellites-Adult_cell108_ptDg_qual.csv
/hpc/hub_oudenaarden/edann/hexamers/rnaseq/mouse/testing2/predictedDg/SvdB11d2-MitoTrackerThird-Satellites-Adult_cell132_ptDg_qual.csv
/hpc/hub_oudenaarden/edann/hexamers/rnaseq/mouse/testing2/predictedDg/SvdB11d2-MitoTrackerThird-Satellites-Adult_cell107_ptDg_qual.csv
/hpc/hub_oudenaarden/edann/hexamers/rnaseq/mouse/testing2/predictedDg/SvdB11d2-MitoTrackerThird-Satellites-Adult_cell37_ptDg_qual.csv
/hpc/hub_oudenaarden/edann/hexamers/rnaseq/mouse/testing2/predictedDg/SvdB11d2-MitoTrackerThird-Satellites-Adult_cell286_ptDg_qual.csv
/hpc/hub_oudenaarden/edann/hexamers/rnaseq/mouse/testing2/predictedDg/SvdB11d2-MitoTrackerThird-Satellites-Adult_cell327_ptDg_qual.csv
/hpc/hub_oudenaarden/edann/hexamers/rnaseq/mouse/testing2/predictedDg/SvdB11d2-MitoTrackerThird-Satellites-Adult_cell119_ptDg_qual.csv
/hpc/hub_oudenaarden/edann/hexamers/rnaseq/mouse/testing2/predictedDg/SvdB11d2-MitoTrackerThird-Satellites-Adult_cell55_ptDg_qual.csv
/hpc/hub_oudenaarden/edann/hexamers/rnaseq/mouse/testing2/predictedDg/SvdB11d2-MitoTrackerThird-Satellites-Adult_cell268_ptDg_qual.csv
/hpc/hub_oudenaarden/edann/hexamers/rnaseq/mouse/testing2/predictedDg/SvdB11d2-MitoTrackerThird-Satellites-Adult_cell155_ptDg_qual.csv
/hpc/hub_oudenaarden/edann/hexamers/rnaseq/mouse/testing2/predictedDg/SvdB11d2-MitoTrackerThird-Satellites-Adult_cell106_ptDg_qual.csv
/hpc/hub_oudenaarden/edann/hexamers/rnaseq/mouse/testing2/predictedDg/SvdB11d2-MitoTrackerThird-Satellites-Adult_cell321_ptDg_qual.csv
/hpc/hub_oudenaarden/edann/hexamers/rnaseq/mouse/testing2/predictedDg/SvdB11d2-MitoTrackerThird-Satellites-Adult_cell186_ptDg_qual.csv
/hpc/hub_oudenaarden/edann/hexamers/rnaseq/mouse/testing2/predictedDg/SvdB11d2-MitoTrackerThird-Satellites-Adult_cell284_ptDg_qual.csv
/hpc/hub_oudenaarden/edann/hexamers/rnaseq/mouse/testing2/predictedDg/SvdB11d2-MitoTrackerThird-Satellites-Adult_cell217_ptDg_qual.csv
/hpc/hub_oudenaarden/edann/hexamers/rnaseq/mouse/testing2/predictedDg/SvdB11d2-MitoTrackerThird-Satellites-Adult_cell273_ptDg_qual.csv
/hpc/hub_oudenaarden/edann/hexamers/rnaseq/mouse/testing2/predictedDg/SvdB11d2-MitoTrackerThird-Satellites-Adult_cell26_ptDg_qual.csv
/hpc/hub_oudenaarden/edann/hexamers/rnaseq/mouse/testing2/predictedDg/SvdB11d2-MitoTrackerThird-Satellites-Adult_cell295_ptDg_qual.csv
/hpc/hub_oudenaarden/edann/hexamers/rnaseq/mouse/testing2/predictedDg/SvdB11d2-MitoTrackerThird-Satellites-Adult_cell118_ptDg_qual.csv
/hpc/hub_oudenaarden/edann/hexamers/rnaseq/mouse/testing2/predictedDg/SvdB11d2-MitoTrackerThird-Satellites-Adult_cell322_ptDg_qual.csv
/hpc/hub_oudenaarden/edann/hexamers/rnaseq/mouse/testing2/predictedDg/SvdB11d2-MitoTrackerThird-Satellites-Adult_cell2_ptDg_qual.csv
/hpc/hub_oudenaarden/edann/hexamers/rnaseq/mouse/testing2/predictedDg/SvdB11d2-MitoTrackerThird-Satellites-Adult_cell150_ptDg_qual.csv
/hpc/hub_oudenaarden/edann/hexamers/rnaseq/mouse/testing2/predictedDg/SvdB11d2-MitoTrackerThird-Satellites-Adult_cell241_ptDg_qual.csv
/hpc/hub_oudenaarden/edann/hexamers/rnaseq/mouse/testing2/predictedDg/SvdB11d2-MitoTrackerThird-Satellites-Adult_cell58_ptDg_qual.csv
/hpc/hub_oudenaarden/edann/hexamers/rnaseq/mouse/testing2/predictedDg/SvdB11d2-MitoTrackerThird-Satellites-Adult_cell200_ptDg_qual.csv
/hpc/hub_oudenaarden/edann/hexamers/rnaseq/mouse/testing2/predictedDg/SvdB11d2-MitoTrackerThird-Satellites-Adult_cell372_ptDg_qual.csv
/hpc/hub_oudenaarden/edann/hexamers/rnaseq/mouse/testing2/predictedDg/SvdB11d2-MitoTrackerThird-Satellites-Adult_cell382_ptDg_qual.csv
/hpc/hub_oudenaarden/edann/hexamers/rnaseq/mouse/testing2/predictedDg/SvdB11d2-MitoTrackerThird-Satellites-Adult_cell3_ptDg_qual.csv
/hpc/hub_oudenaarden/edann/hexamers/rnaseq/mouse/testing2/predictedDg/SvdB11d2-MitoTrackerThird-Satellites-Adult_cell210_ptDg_qual.csv
/hpc/hub_oudenaarden/edann/hexamers/rnaseq/mouse/testing2/predictedDg/SvdB11d2-MitoTrackerThird-Satellites-Adult_cell34_ptDg_qual.csv
/hpc/hub_oudenaarden/edann/hexamers/rnaseq/mouse/testing2/predictedDg/SvdB11d2-MitoTrackerThird-Satellites-Adult_cell63_ptDg_qual.csv
/hpc/hub_oudenaarden/edann/hexamers/rnaseq/mouse/testing2/predictedDg/SvdB11d2-MitoTrackerThird-Satellites-Adult_cell159_ptDg_qual.csv
/hpc/hub_oudenaarden/edann/hexamers/rnaseq/mouse/testing2/predictedDg/SvdB11d2-MitoTrackerThird-Satellites-Adult_cell175_ptDg_qual.csv
/hpc/hub_oudenaarden/edann/hexamers/rnaseq/mouse/testing2/predictedDg/SvdB11d2-MitoTrackerThird-Satellites-Adult_cell151_ptDg_qual.csv
/hpc/hub_oudenaarden/edann/hexamers/rnaseq/mouse/testing2/predictedDg/SvdB11d2-MitoTrackerThird-Satellites-Adult_cell73_ptDg_qual.csv
/hpc/hub_oudenaarden/edann/hexamers/rnaseq/mouse/testing2/predictedDg/SvdB11d2-MitoTrackerThird-Satellites-Adult_cell193_ptDg_qual.csv
/hpc/hub_oudenaarden/edann/hexamers/rnaseq/mouse/testing2/predictedDg/SvdB11d2-MitoTrackerThird-Satellites-Adult_cell45_ptDg_qual.csv
/hpc/hub_oudenaarden/edann/hexamers/rnaseq/mouse/testing2/predictedDg/SvdB11d2-MitoTrackerThird-Satellites-Adult_cell36_ptDg_qual.csv
/hpc/hub_oudenaarden/edann/hexamers/rnaseq/mouse/testing2/predictedDg/SvdB11d2-MitoTrackerThird-Satellites-Adult_cell380_ptDg_qual.csv
/hpc/hub_oudenaarden/edann/hexamers/rnaseq/mouse/testing2/predictedDg/SvdB11d2-MitoTrackerThird-Satellites-Adult_cell222_ptDg_qual.csv
/hpc/hub_oudenaarden/edann/hexamers/rnaseq/mouse/testing2/predictedDg/SvdB11d2-MitoTrackerThird-Satellites-Adult_cell50_ptDg_qual.csv
/hpc/hub_oudenaarden/edann/hexamers/rnaseq/mouse/testing2/predictedDg/SvdB11d2-MitoTrackerThird-Satellites-Adult_cell361_ptDg_qual.csv
/hpc/hub_oudenaarden/edann/hexamers/rnaseq/mouse/testing2/predictedDg/SvdB11d2-MitoTrackerThird-Satellites-Adult_cell376_ptDg_qual.csv
/hpc/hub_oudenaarden/edann/hexamers/rnaseq/mouse/testing2/predictedDg/SvdB11d2-MitoTrackerThird-Satellites-Adult_cell261_ptDg_qual.csv
/hpc/hub_oudenaarden/edann/hexamers/rnaseq/mouse/testing2/predictedDg/SvdB11d2-MitoTrackerThird-Satellites-Adult_cell355_ptDg_qual.csv
/hpc/hub_oudenaarden/edann/hexamers/rnaseq/mouse/testing2/predictedDg/SvdB11d2-MitoTrackerThird-Satellites-Adult_cell285_ptDg_qual.csv
/hpc/hub_oudenaarden/edann/hexamers/rnaseq/mouse/testing2/predictedDg/SvdB11d2-MitoTrackerThird-Satellites-Adult_cell338_ptDg_qual.csv
/hpc/hub_oudenaarden/edann/hexamers/rnaseq/mouse/testing2/predictedDg/SvdB11d2-MitoTrackerThird-Satellites-Adult_cell167_ptDg_qual.csv
/hpc/hub_oudenaarden/edann/hexamers/rnaseq/mouse/testing2/predictedDg/SvdB11d2-MitoTrackerThird-Satellites-Adult_cell213_ptDg_qual.csv
/hpc/hub_oudenaarden/edann/hexamers/rnaseq/mouse/testing2/predictedDg/SvdB11d2-MitoTrackerThird-Satellites-Adult_cell128_ptDg_qual.csv
/hpc/hub_oudenaarden/edann/hexamers/rnaseq/mouse/testing2/predictedDg/SvdB11d2-MitoTrackerThird-Satellites-Adult_cell12_ptDg_qual.csv
/hpc/hub_oudenaarden/edann/hexamers/rnaseq/mouse/testing2/predictedDg/SvdB11d2-MitoTrackerThird-Satellites-Adult_cell56_ptDg_qual.csv
/hpc/hub_oudenaarden/edann/hexamers/rnaseq/mouse/testing2/predictedDg/SvdB11d2-MitoTrackerThird-Satellites-Adult_cell71_ptDg_qual.csv
/hpc/hub_oudenaarden/edann/hexamers/rnaseq/mouse/testing2/predictedDg/SvdB11d2-MitoTrackerThird-Satellites-Adult_cell265_ptDg_qual.csv
/hpc/hub_oudenaarden/edann/hexamers/rnaseq/mouse/testing2/predictedDg/SvdB11d2-MitoTrackerThird-Satellites-Adult_cell236_ptDg_qual.csv
/hpc/hub_oudenaarden/edann/hexamers/rnaseq/mouse/testing2/predictedDg/SvdB11d2-MitoTrackerThird-Satellites-Adult_cell113_ptDg_qual.csv
/hpc/hub_oudenaarden/edann/hexamers/rnaseq/mouse/testing2/predictedDg/SvdB11d2-MitoTrackerThird-Satellites-Adult_cell82_ptDg_qual.csv
/hpc/hub_oudenaarden/edann/hexamers/rnaseq/mouse/testing2/predictedDg/SvdB11d2-MitoTrackerThird-Satellites-Adult_cell160_ptDg_qual.csv
/hpc/hub_oudenaarden/edann/hexamers/rnaseq/mouse/testing2/predictedDg/SvdB11d2-MitoTrackerThird-Satellites-Adult_cell46_ptDg_qual.csv
/hpc/hub_oudenaarden/edann/hexamers/rnaseq/mouse/testing2/predictedDg/SvdB11d2-MitoTrackerThird-Satellites-Adult_cell135_ptDg_qual.csv
/hpc/hub_oudenaarden/edann/hexamers/rnaseq/mouse/testing2/predictedDg/SvdB11d2-MitoTrackerThird-Satellites-Adult_cell124_ptDg_qual.csv
/hpc/hub_oudenaarden/edann/hexamers/rnaseq/mouse/testing2/predictedDg/SvdB11d2-MitoTrackerThird-Satellites-Adult_cell368_ptDg_qual.csv
/hpc/hub_oudenaarden/edann/hexamers/rnaseq/mouse/testing2/predictedDg/SvdB11d2-MitoTrackerThird-Satellites-Adult_cell305_ptDg_qual.csv
/hpc/hub_oudenaarden/edann/hexamers/rnaseq/mouse/testing2/predictedDg/SvdB11d2-MitoTrackerThird-Satellites-Adult_cell179_ptDg_qual.csv
/hpc/hub_oudenaarden/edann/hexamers/rnaseq/mouse/testing2/predictedDg/SvdB11d2-MitoTrackerThird-Satellites-Adult_cell331_ptDg_qual.csv
/hpc/hub_oudenaarden/edann/hexamers/rnaseq/mouse/testing2/predictedDg/SvdB11d2-MitoTrackerThird-Satellites-Adult_cell72_ptDg_qual.csv
/hpc/hub_oudenaarden/edann/hexamers/rnaseq/mouse/testing2/predictedDg/SvdB11d2-MitoTrackerThird-Satellites-Adult_cell183_ptDg_qual.csv
/hpc/hub_oudenaarden/edann/hexamers/rnaseq/mouse/testing2/predictedDg/SvdB11d2-MitoTrackerThird-Satellites-Adult_cell148_ptDg_qual.csv
/hpc/hub_oudenaarden/edann/hexamers/rnaseq/mouse/testing2/predictedDg/SvdB11d2-MitoTrackerThird-Satellites-Adult_cell256_ptDg_qual.csv
/hpc/hub_oudenaarden/edann/hexamers/rnaseq/mouse/testing2/predictedDg/SvdB11d2-MitoTrackerThird-Satellites-Adult_cell184_ptDg_qual.csv
/hpc/hub_oudenaarden/edann/hexamers/rnaseq/mouse/testing2/predictedDg/SvdB11d2-MitoTrackerThird-Satellites-Adult_cell334_ptDg_qual.csv
/hpc/hub_oudenaarden/edann/hexamers/rnaseq/mouse/testing2/predictedDg/SvdB11d2-MitoTrackerThird-Satellites-Adult_cell110_ptDg_qual.csv
/hpc/hub_oudenaarden/edann/hexamers/rnaseq/mouse/testing2/predictedDg/SvdB11d2-MitoTrackerThird-Satellites-Adult_cell93_ptDg_qual.csv
/hpc/hub_oudenaarden/edann/hexamers/rnaseq/mouse/testing2/predictedDg/SvdB11d2-MitoTrackerThird-Satellites-Adult_cell99_ptDg_qual.csv
/hpc/hub_oudenaarden/edann/hexamers/rnaseq/mouse/testing2/predictedDg/SvdB11d2-MitoTrackerThird-Satellites-Adult_cell339_ptDg_qual.csv
/hpc/hub_oudenaarden/edann/hexamers/rnaseq/mouse/testing2/predictedDg/SvdB11d2-MitoTrackerThird-Satellites-Adult_cell370_ptDg_qual.csv
/hpc/hub_oudenaarden/edann/hexamers/rnaseq/mouse/testing2/predictedDg/SvdB11d2-MitoTrackerThird-Satellites-Adult_cell280_ptDg_qual.csv
/hpc/hub_oudenaarden/edann/hexamers/rnaseq/mouse/testing2/predictedDg/SvdB11d2-MitoTrackerThird-Satellites-Adult_cell298_ptDg_qual.csv
/hpc/hub_oudenaarden/edann/hexamers/rnaseq/mouse/testing2/predictedDg/SvdB11d2-MitoTrackerThird-Satellites-Adult_cell67_ptDg_qual.csv
/hpc/hub_oudenaarden/edann/hexamers/rnaseq/mouse/testing2/predictedDg/SvdB11d2-MitoTrackerThird-Satellites-Adult_cell229_ptDg_qual.csv
/hpc/hub_oudenaarden/edann/hexamers/rnaseq/mouse/testing2/predictedDg/SvdB11d2-MitoTrackerThird-Satellites-Adult_cell187_ptDg_qual.csv
/hpc/hub_oudenaarden/edann/hexamers/rnaseq/mouse/testing2/predictedDg/SvdB11d2-MitoTrackerThird-Satellites-Adult_cell306_ptDg_qual.csv
/hpc/hub_oudenaarden/edann/hexamers/rnaseq/mouse/testing2/predictedDg/SvdB11d2-MitoTrackerThird-Satellites-Adult_cell206_ptDg_qual.csv
/hpc/hub_oudenaarden/edann/hexamers/rnaseq/mouse/testing2/predictedDg/SvdB11d2-MitoTrackerThird-Satellites-Adult_cell377_ptDg_qual.csv
/hpc/hub_oudenaarden/edann/hexamers/rnaseq/mouse/testing2/predictedDg/SvdB11d2-MitoTrackerThird-Satellites-Adult_cell31_ptDg_qual.csv
/hpc/hub_oudenaarden/edann/hexamers/rnaseq/mouse/testing2/predictedDg/SvdB11d2-MitoTrackerThird-Satellites-Adult_cell369_ptDg_qual.csv
/hpc/hub_oudenaarden/edann/hexamers/rnaseq/mouse/testing2/predictedDg/SvdB11d2-MitoTrackerThird-Satellites-Adult_cell166_ptDg_qual.csv
/hpc/hub_oudenaarden/edann/hexamers/rnaseq/mouse/testing2/predictedDg/SvdB11d2-MitoTrackerThird-Satellites-Adult_cell10_ptDg_qual.csv
/hpc/hub_oudenaarden/edann/hexamers/rnaseq/mouse/testing2/predictedDg/SvdB11d2-MitoTrackerThird-Satellites-Adult_cell112_ptDg_qual.csv
/hpc/hub_oudenaarden/edann/hexamers/rnaseq/mouse/testing2/predictedDg/SvdB11d2-MitoTrackerThird-Satellites-Adult_cell378_ptDg_qual.csv
/hpc/hub_oudenaarden/edann/hexamers/rnaseq/mouse/testing2/predictedDg/SvdB11d2-MitoTrackerThird-Satellites-Adult_cell266_ptDg_qual.csv
/hpc/hub_oudenaarden/edann/hexamers/rnaseq/mouse/testing2/predictedDg/SvdB11d2-MitoTrackerThird-Satellites-Adult_cell250_ptDg_qual.csv
/hpc/hub_oudenaarden/edann/hexamers/rnaseq/mouse/testing2/predictedDg/SvdB11d2-MitoTrackerThird-Satellites-Adult_cell65_ptDg_qual.csv
/hpc/hub_oudenaarden/edann/hexamers/rnaseq/mouse/testing2/predictedDg/SvdB11d2-MitoTrackerThird-Satellites-Adult_cell38_ptDg_qual.csv
/hpc/hub_oudenaarden/edann/hexamers/rnaseq/mouse/testing2/predictedDg/SvdB11d2-MitoTrackerThird-Satellites-Adult_cell201_ptDg_qual.csv
/hpc/hub_oudenaarden/edann/hexamers/rnaseq/mouse/testing2/predictedDg/SvdB11d2-MitoTrackerThird-Satellites-Adult_cell381_ptDg_qual.csv
/hpc/hub_oudenaarden/edann/hexamers/rnaseq/mouse/testing2/predictedDg/SvdB11d2-MitoTrackerThird-Satellites-Adult_cell178_ptDg_qual.csv
/hpc/hub_oudenaarden/edann/hexamers/rnaseq/mouse/testing2/predictedDg/SvdB11d2-MitoTrackerThird-Satellites-Adult_cell74_ptDg_qual.csv
/hpc/hub_oudenaarden/edann/hexamers/rnaseq/mouse/testing2/predictedDg/SvdB11d2-MitoTrackerThird-Satellites-Adult_cell328_ptDg_qual.csv
/hpc/hub_oudenaarden/edann/hexamers/rnaseq/mouse/testing2/predictedDg/SvdB11d2-MitoTrackerThird-Satellites-Adult_cell272_ptDg_qual.csv
/hpc/hub_oudenaarden/edann/hexamers/rnaseq/mouse/testing2/predictedDg/SvdB11d2-MitoTrackerThird-Satellites-Adult_cell7_ptDg_qual.csv
/hpc/hub_oudenaarden/edann/hexamers/rnaseq/mouse/testing2/predictedDg/SvdB11d2-MitoTrackerThird-Satellites-Adult_cell192_ptDg_qual.csv
/hpc/hub_oudenaarden/edann/hexamers/rnaseq/mouse/testing2/predictedDg/SvdB11d2-MitoTrackerThird-Satellites-Adult_cell164_ptDg_qual.csv
/hpc/hub_oudenaarden/edann/hexamers/rnaseq/mouse/testing2/predictedDg/SvdB11d2-MitoTrackerThird-Satellites-Adult_cell100_ptDg_qual.csv
/hpc/hub_oudenaarden/edann/hexamers/rnaseq/mouse/testing2/predictedDg/SvdB11d2-MitoTrackerThird-Satellites-Adult_cell320_ptDg_qual.csv
/hpc/hub_oudenaarden/edann/hexamers/rnaseq/mouse/testing2/predictedDg/SvdB11d2-MitoTrackerThird-Satellites-Adult_cell249_ptDg_qual.csv
/hpc/hub_oudenaarden/edann/hexamers/rnaseq/mouse/testing2/predictedDg/SvdB11d2-MitoTrackerThird-Satellites-Adult_cell51_ptDg_qual.csv
/hpc/hub_oudenaarden/edann/hexamers/rnaseq/mouse/testing2/predictedDg/SvdB11d2-MitoTrackerThird-Satellites-Adult_cell141_ptDg_qual.csv
/hpc/hub_oudenaarden/edann/hexamers/rnaseq/mouse/testing2/predictedDg/SvdB11d2-MitoTrackerThird-Satellites-Adult_cell47_ptDg_qual.csv
/hpc/hub_oudenaarden/edann/hexamers/rnaseq/mouse/testing2/predictedDg/SvdB11d2-MitoTrackerThird-Satellites-Adult_cell137_ptDg_qual.csv
/hpc/hub_oudenaarden/edann/hexamers/rnaseq/mouse/testing2/predictedDg/SvdB11d2-MitoTrackerThird-Satellites-Adult_cell251_ptDg_qual.csv
/hpc/hub_oudenaarden/edann/hexamers/rnaseq/mouse/testing2/predictedDg/SvdB11d2-MitoTrackerThird-Satellites-Adult_cell362_ptDg_qual.csv
/hpc/hub_oudenaarden/edann/hexamers/rnaseq/mouse/testing2/predictedDg/SvdB11d2-MitoTrackerThird-Satellites-Adult_cell260_ptDg_qual.csv
/hpc/hub_oudenaarden/edann/hexamers/rnaseq/mouse/testing2/predictedDg/SvdB11d2-MitoTrackerThird-Satellites-Adult_cell255_ptDg_qual.csv
/hpc/hub_oudenaarden/edann/hexamers/rnaseq/mouse/testing2/predictedDg/SvdB11d2-MitoTrackerThird-Satellites-Adult_cell125_ptDg_qual.csv
/hpc/hub_oudenaarden/edann/hexamers/rnaseq/mouse/testing2/predictedDg/SvdB11d2-MitoTrackerThird-Satellites-Adult_cell176_ptDg_qual.csv
/hpc/hub_oudenaarden/edann/hexamers/rnaseq/mouse/testing2/predictedDg/SvdB11d2-MitoTrackerThird-Satellites-Adult_cell81_ptDg_qual.csv
/hpc/hub_oudenaarden/edann/hexamers/rnaseq/mouse/testing2/predictedDg/SvdB11d2-MitoTrackerThird-Satellites-Adult_cell374_ptDg_qual.csv
/hpc/hub_oudenaarden/edann/hexamers/rnaseq/mouse/testing2/predictedDg/SvdB11d2-MitoTrackerThird-Satellites-Adult_cell302_ptDg_qual.csv
